<?xml version="1.0" encoding="UTF-8"?>
<testng-results ignored="0" total="1" passed="1" failed="0" skipped="0">
  <reporter-output>
  </reporter-output>
  <suite started-at="2025-04-28T20:34:35 IST" name="Default suite" finished-at="2025-04-28T20:35:30 IST" duration-ms="55301">
    <groups>
      <group name="cucumber">
        <method signature="AbstractTestNGCucumberTests.runScenario(io.cucumber.testng.PickleWrapper,io.cucumber.testng.FeatureWrapper)[pri:0, instance:runner.TestNGRunner@5965d37]" name="runScenario" class="io.cucumber.testng.AbstractTestNGCucumberTests"/>
      </group> <!-- cucumber -->
    </groups>
    <test started-at="2025-04-28T20:34:35 IST" name="Default test" finished-at="2025-04-28T20:35:30 IST" duration-ms="55301">
      <class name="runner.TestNGRunner">
        <test-method is-config="true" signature="setUpClass(org.testng.ITestContext)[pri:0, instance:runner.TestNGRunner@5965d37]" started-at="2025-04-28T20:34:35 IST" name="setUpClass" finished-at="2025-04-28T20:34:37 IST" duration-ms="2180" status="PASS">
          <params>
            <param index="0">
              <value>
                <![CDATA[org.testng.TestRunner@16a09809]]>
              </value>
            </param>
          </params>
          <reporter-output>
          </reporter-output>
        </test-method> <!-- setUpClass -->
        <test-method signature="runScenario(io.cucumber.testng.PickleWrapper,io.cucumber.testng.FeatureWrapper)[pri:0, instance:runner.TestNGRunner@5965d37]" started-at="2025-04-28T20:34:37 IST" name="runScenario" description="Runs Cucumber Scenarios" data-provider="scenarios" finished-at="2025-04-28T20:35:30 IST" duration-ms="52813" status="PASS">
          <params>
            <param index="0">
              <value>
                <![CDATA["Check the User Dropdown"]]>
              </value>
            </param>
            <param index="1">
              <value>
                <![CDATA["Check Dashboard Functionality"]]>
              </value>
            </param>
          </params>
          <reporter-output>
          </reporter-output>
        </test-method> <!-- runScenario -->
        <test-method is-config="true" signature="tearDownClass()[pri:0, instance:runner.TestNGRunner@5965d37]" started-at="2025-04-28T20:35:30 IST" name="tearDownClass" finished-at="2025-04-28T20:35:30 IST" duration-ms="173" status="PASS">
          <reporter-output>
          </reporter-output>
        </test-method> <!-- tearDownClass -->
      </class> <!-- runner.TestNGRunner -->
    </test> <!-- Default test -->
  </suite> <!-- Default suite -->
</testng-results>
